{"/Users/igorassuncao/projects/personal/empregonet-challenge/api/src/app/controllers/UserController.js": {"path":"/Users/igorassuncao/projects/personal/empregonet-challenge/api/src/app/controllers/UserController.js","statementMap":{"0":{"start":{"line":8,"column":18},"end":{"line":10,"column":6}},"1":{"start":{"line":12,"column":4},"end":{"line":16,"column":5}},"2":{"start":{"line":13,"column":6},"end":{"line":15,"column":9}},"3":{"start":{"line":18,"column":4},"end":{"line":18,"column":32}},"4":{"start":{"line":22,"column":19},"end":{"line":36,"column":6}},"5":{"start":{"line":38,"column":4},"end":{"line":42,"column":5}},"6":{"start":{"line":39,"column":6},"end":{"line":41,"column":9}},"7":{"start":{"line":49,"column":8},"end":{"line":49,"column":20}},"8":{"start":{"line":51,"column":22},"end":{"line":56,"column":6}},"9":{"start":{"line":58,"column":40},"end":{"line":58,"column":52}},"10":{"start":{"line":60,"column":17},"end":{"line":65,"column":6}},"11":{"start":{"line":67,"column":4},"end":{"line":67,"column":31}}},"fnMap":{"0":{"name":"(anonymous_0)","decl":{"start":{"line":7,"column":2},"end":{"line":7,"column":3}},"loc":{"start":{"line":7,"column":32},"end":{"line":19,"column":3}},"line":7},"1":{"name":"(anonymous_1)","decl":{"start":{"line":21,"column":2},"end":{"line":21,"column":3}},"loc":{"start":{"line":21,"column":34},"end":{"line":68,"column":3}},"line":21}},"branchMap":{"0":{"loc":{"start":{"line":12,"column":4},"end":{"line":16,"column":5}},"type":"if","locations":[{"start":{"line":12,"column":4},"end":{"line":16,"column":5}},{"start":{"line":12,"column":4},"end":{"line":16,"column":5}}],"line":12},"1":{"loc":{"start":{"line":38,"column":4},"end":{"line":42,"column":5}},"type":"if","locations":[{"start":{"line":38,"column":4},"end":{"line":42,"column":5}},{"start":{"line":38,"column":4},"end":{"line":42,"column":5}}],"line":38}},"s":{"0":2,"1":2,"2":1,"3":1,"4":2,"5":2,"6":1,"7":1,"8":1,"9":1,"10":1,"11":1},"f":{"0":2,"1":2},"b":{"0":[1,1],"1":[1,1]},"_coverageSchema":"43e27e138ebf9cfc5966b082cf9a028302ed4184","hash":"dda86b57518af1a09209cce23252c40cfea7d1fe"}
,"/Users/igorassuncao/projects/personal/empregonet-challenge/api/src/app/schemas/Curriculi.js": {"path":"/Users/igorassuncao/projects/personal/empregonet-challenge/api/src/app/schemas/Curriculi.js","statementMap":{"0":{"start":{"line":3,"column":24},"end":{"line":20,"column":2}}},"fnMap":{},"branchMap":{},"s":{"0":1},"f":{},"b":{},"_coverageSchema":"43e27e138ebf9cfc5966b082cf9a028302ed4184","hash":"c566073b64a323a763fcd836e86a0faa26e92a1f"}
,"/Users/igorassuncao/projects/personal/empregonet-challenge/api/src/app/schemas/User.js": {"path":"/Users/igorassuncao/projects/personal/empregonet-challenge/api/src/app/schemas/User.js","statementMap":{"0":{"start":{"line":3,"column":19},"end":{"line":21,"column":2}}},"fnMap":{},"branchMap":{},"s":{"0":1},"f":{},"b":{},"_coverageSchema":"43e27e138ebf9cfc5966b082cf9a028302ed4184","hash":"c1bc5e802dc1ae9e55ab121a6e83bf2e173c2508"}
}
