TN:
SF:/Users/igorassuncao/projects/personal/empregonet-challenge/api/src/app/controllers/UserController.js
FN:7,(anonymous_0)
FN:21,(anonymous_1)
FNF:2
FNH:2
FNDA:2,(anonymous_0)
FNDA:2,(anonymous_1)
DA:8,2
DA:12,2
DA:13,1
DA:18,1
DA:22,2
DA:38,2
DA:39,1
DA:49,1
DA:51,1
DA:58,1
DA:60,1
DA:67,1
LF:12
LH:12
BRDA:12,0,0,1
BRDA:12,0,1,1
BRDA:38,1,0,1
BRDA:38,1,1,1
BRF:4
BRH:4
end_of_record
TN:
SF:/Users/igorassuncao/projects/personal/empregonet-challenge/api/src/app/schemas/Curriculi.js
FNF:0
FNH:0
DA:3,1
LF:1
LH:1
BRF:0
BRH:0
end_of_record
TN:
SF:/Users/igorassuncao/projects/personal/empregonet-challenge/api/src/app/schemas/User.js
FNF:0
FNH:0
DA:3,1
LF:1
LH:1
BRF:0
BRH:0
end_of_record
